May-04 13:25:35.656 [main] DEBUG nextflow.cli.Launcher - $> nextflow run main.nf -c nextflow.config
May-04 13:25:35.983 [main] DEBUG nextflow.cli.CmdRun - N E X T F L O W  ~  version 25.10.4
May-04 13:25:36.056 [main] DEBUG nextflow.plugin.PluginsFacade - Setting up plugin manager > mode=prod; embedded=false; plugins-dir=/users/k25053715/.nextflow/plugins; core-plugins: nf-amazon@3.4.4,nf-azure@1.20.2,nf-cloudcache@0.5.0,nf-codecommit@0.5.0,nf-console@1.3.0,nf-google@1.23.5,nf-k8s@1.2.2,nf-tower@1.17.5,nf-wave@1.16.1
May-04 13:25:36.085 [main] INFO  o.pf4j.DefaultPluginStatusProvider - Enabled plugins: []
May-04 13:25:36.086 [main] INFO  o.pf4j.DefaultPluginStatusProvider - Disabled plugins: []
May-04 13:25:36.089 [main] INFO  org.pf4j.DefaultPluginManager - PF4J version 3.12.0 in 'deployment' mode
May-04 13:25:36.188 [main] DEBUG nextflow.util.RetryConfig - Missing nextflow session - using default retry config
May-04 13:25:36.572 [main] INFO  org.pf4j.AbstractPluginManager - No plugins
May-04 13:25:36.613 [main] DEBUG nextflow.config.ConfigBuilder - Found config local: /cephfs/volumes/hpc_data_usr/k25053715/3a800abf-2370-46d6-96d9-b8284b670110/MSc_research/nextflow/2_pipeline/013_nextflow_pipeline/nextflow.config
May-04 13:25:36.617 [main] DEBUG nextflow.config.ConfigBuilder - User config file: /cephfs/volumes/hpc_data_usr/k25053715/3a800abf-2370-46d6-96d9-b8284b670110/MSc_research/nextflow/2_pipeline/013_nextflow_pipeline/nextflow.config
May-04 13:25:36.619 [main] DEBUG nextflow.config.ConfigBuilder - Parsing config file: /cephfs/volumes/hpc_data_usr/k25053715/3a800abf-2370-46d6-96d9-b8284b670110/MSc_research/nextflow/2_pipeline/013_nextflow_pipeline/nextflow.config
May-04 13:25:36.620 [main] DEBUG nextflow.config.ConfigBuilder - Parsing config file: /cephfs/volumes/hpc_data_usr/k25053715/3a800abf-2370-46d6-96d9-b8284b670110/MSc_research/nextflow/2_pipeline/013_nextflow_pipeline/nextflow.config
May-04 13:25:36.648 [main] DEBUG nextflow.config.ConfigBuilder - Applying config profile: `standard`
May-04 13:25:37.179 [main] DEBUG nextflow.config.ConfigBuilder - Applying config profile: `standard`
May-04 13:25:37.221 [main] DEBUG nextflow.plugin.PluginsFacade - Plugins default=[]
May-04 13:25:37.222 [main] DEBUG nextflow.plugin.PluginsFacade - Plugins resolved requirement=[]
May-04 13:25:37.237 [main] DEBUG n.secret.LocalSecretsProvider - Secrets store: /users/k25053715/.nextflow/secrets/store.json
May-04 13:25:37.240 [main] DEBUG nextflow.secret.SecretsLoader - Discovered secrets providers: [nextflow.secret.LocalSecretsProvider@48904d5a] - activable => nextflow.secret.LocalSecretsProvider@48904d5a
May-04 13:25:37.321 [main] DEBUG nextflow.cli.CmdRun - Applied DSL=2 by global default
May-04 13:25:37.341 [main] DEBUG nextflow.cli.CmdRun - Launching `main.nf` [happy_brahmagupta] DSL2 - revision: 4a6ca9b353
May-04 13:25:37.388 [main] DEBUG nextflow.Session - Session UUID: 96dd081e-99c6-4e4a-a2ab-563a8b894ae2
May-04 13:25:37.388 [main] DEBUG nextflow.Session - Run name: happy_brahmagupta
May-04 13:25:37.389 [main] DEBUG nextflow.Session - Executor pool size: 4
May-04 13:25:37.397 [main] DEBUG nextflow.file.FilePorter - File porter settings maxRetries=3; maxTransfers=50; pollTimeout=null
May-04 13:25:37.402 [main] DEBUG nextflow.util.ThreadPoolBuilder - Creating thread pool 'FileTransfer' minSize=10; maxSize=12; workQueue=LinkedBlockingQueue[-1]; allowCoreThreadTimeout=false
May-04 13:25:37.487 [main] DEBUG nextflow.cli.CmdRun - 
  Version: 25.10.4 build 11173
  Created: 10-02-2026 15:17 UTC (15:17 BST)
  System: Linux 6.8.0-107-generic
  Runtime: Groovy 4.0.28 on OpenJDK 64-Bit Server VM 17.0.16+8
  Encoding: UTF-8 (UTF-8)
  Process: 995663@erc-hpc-comp017 [127.0.1.1]
  CPUs: 4 - Mem: 1007.6 GB (966.9 GB) - Swap: 0 (0)
May-04 13:25:37.520 [main] DEBUG nextflow.Session - Work-dir: /cephfs/volumes/hpc_data_usr/k25053715/3a800abf-2370-46d6-96d9-b8284b670110/MSc_research/nextflow/2_pipeline/013_nextflow_pipeline/work [ceph]
May-04 13:25:37.521 [main] DEBUG nextflow.Session - Script base path does not exist or is not a directory: /cephfs/volumes/hpc_data_usr/k25053715/3a800abf-2370-46d6-96d9-b8284b670110/MSc_research/nextflow/2_pipeline/013_nextflow_pipeline/bin
May-04 13:25:37.531 [main] DEBUG nextflow.executor.ExecutorFactory - Extension executors providers=[]
May-04 13:25:37.544 [main] DEBUG nextflow.Session - Observer factory (v2): LinObserverFactory
May-04 13:25:37.547 [main] DEBUG nextflow.Session - Observer factory (v2): DefaultObserverFactory
May-04 13:25:37.611 [main] DEBUG nextflow.cache.CacheFactory - Using Nextflow cache factory: nextflow.cache.DefaultCacheFactory
May-04 13:25:37.620 [main] DEBUG nextflow.util.CustomThreadPool - Creating default thread pool > poolSize: 5; maxThreads: 1000
May-04 13:25:37.893 [main] DEBUG nextflow.Session - Session start
May-04 13:25:38.556 [main] DEBUG nextflow.script.ScriptRunner - > Launching execution
May-04 13:25:38.695 [main] DEBUG n.script.dsl.ProcessConfigBuilder - Config settings `withName:MAKE_BOLTZ_INPUT` matches process MAKE_BOLTZ_INPUT
May-04 13:25:38.700 [main] DEBUG nextflow.executor.ExecutorFactory - << taskConfig executor: slurm
May-04 13:25:38.701 [main] DEBUG nextflow.executor.ExecutorFactory - >> processorType: 'slurm'
May-04 13:25:38.713 [main] DEBUG nextflow.executor.Executor - [warm up] executor > slurm
May-04 13:25:38.720 [main] DEBUG n.processor.TaskPollingMonitor - Creating task monitor for executor 'slurm' > capacity: 100; pollInterval: 5s; dumpInterval: 5m 
May-04 13:25:38.722 [main] DEBUG n.processor.TaskPollingMonitor - >>> barrier register (monitor: slurm)
May-04 13:25:38.724 [main] DEBUG n.executor.AbstractGridExecutor - Creating executor 'slurm' > queue-stat-interval: 1m
May-04 13:25:38.747 [main] DEBUG nextflow.processor.TaskProcessor - Creating process 'MAKE_BOLTZ_INPUT': maxForks=0; fair=false; array=0
May-04 13:25:38.805 [main] DEBUG n.script.dsl.ProcessConfigBuilder - Config settings `withName:RUN_BOLTZ2` matches process RUN_BOLTZ2
May-04 13:25:38.807 [main] DEBUG nextflow.executor.ExecutorFactory - << taskConfig executor: slurm
May-04 13:25:38.807 [main] DEBUG nextflow.executor.ExecutorFactory - >> processorType: 'slurm'
May-04 13:25:38.808 [main] DEBUG nextflow.processor.TaskProcessor - Creating process 'RUN_BOLTZ2': maxForks=0; fair=false; array=0
May-04 13:25:38.814 [main] DEBUG n.script.dsl.ProcessConfigBuilder - Config settings `withName:RUNCHIMERAX` matches process RUNCHIMERAX
May-04 13:25:38.815 [main] WARN  n.script.dsl.ProcessConfigBuilder - Unknown directive `env` for process `RUNCHIMERAX`
May-04 13:25:38.818 [main] DEBUG nextflow.executor.ExecutorFactory - << taskConfig executor: slurm
May-04 13:25:38.818 [main] DEBUG nextflow.executor.ExecutorFactory - >> processorType: 'slurm'
May-04 13:25:38.819 [main] DEBUG nextflow.processor.TaskProcessor - Creating process 'RUNCHIMERAX': maxForks=0; fair=false; array=0
May-04 13:25:38.824 [main] DEBUG n.script.dsl.ProcessConfigBuilder - Config settings `withName:STRAIGHTEN_LINKERS` matches process STRAIGHTEN_LINKERS
May-04 13:25:38.826 [main] DEBUG nextflow.executor.ExecutorFactory - << taskConfig executor: slurm
May-04 13:25:38.826 [main] DEBUG nextflow.executor.ExecutorFactory - >> processorType: 'slurm'
May-04 13:25:38.827 [main] DEBUG nextflow.processor.TaskProcessor - Creating process 'STRAIGHTEN_LINKERS': maxForks=0; fair=false; array=0
May-04 13:25:38.832 [main] DEBUG n.script.dsl.ProcessConfigBuilder - Config settings `withName:OPENMM_MINIMIZE` matches process OPENMM_MINIMIZE
May-04 13:25:38.834 [main] DEBUG nextflow.executor.ExecutorFactory - << taskConfig executor: slurm
May-04 13:25:38.834 [main] DEBUG nextflow.executor.ExecutorFactory - >> processorType: 'slurm'
May-04 13:25:38.835 [main] DEBUG nextflow.processor.TaskProcessor - Creating process 'OPENMM_MINIMIZE': maxForks=0; fair=false; array=0
May-04 13:25:38.839 [main] DEBUG nextflow.Session - Workflow process names [dsl2]: OPENMM_MINIMIZE, RUNCHIMERAX, RUN_BOLTZ2, MAKE_BOLTZ_INPUT, STRAIGHTEN_LINKERS
May-04 13:25:38.841 [main] DEBUG nextflow.Session - Igniting dataflow network (5)
May-04 13:25:38.842 [main] DEBUG nextflow.processor.TaskProcessor - Starting process > MAKE_BOLTZ_INPUT
May-04 13:25:38.843 [main] DEBUG nextflow.processor.TaskProcessor - Starting process > RUN_BOLTZ2
May-04 13:25:38.843 [main] DEBUG nextflow.processor.TaskProcessor - Starting process > RUNCHIMERAX
May-04 13:25:38.843 [main] DEBUG nextflow.processor.TaskProcessor - Starting process > STRAIGHTEN_LINKERS
May-04 13:25:38.844 [main] DEBUG nextflow.processor.TaskProcessor - Starting process > OPENMM_MINIMIZE
May-04 13:25:38.844 [main] DEBUG nextflow.script.ScriptRunner - Parsed script files:
  Script_3cfd76dce7a4061f: /cephfs/volumes/hpc_data_usr/k25053715/3a800abf-2370-46d6-96d9-b8284b670110/MSc_research/nextflow/2_pipeline/013_nextflow_pipeline/main.nf
May-04 13:25:38.844 [main] DEBUG nextflow.script.ScriptRunner - > Awaiting termination 
May-04 13:25:38.844 [main] DEBUG nextflow.Session - Session await
May-04 13:25:39.088 [Task submitter] DEBUG nextflow.executor.GridTaskHandler - [SLURM] submitted process MAKE_BOLTZ_INPUT (fgfr2_20lipids) > jobId: 33702592; workDir: /cephfs/volumes/hpc_data_usr/k25053715/3a800abf-2370-46d6-96d9-b8284b670110/MSc_research/nextflow/2_pipeline/013_nextflow_pipeline/work/21/1db00a594b2ca91b44dd50e8568335
May-04 13:25:39.089 [Task submitter] INFO  nextflow.Session - [21/1db00a] Submitted process > MAKE_BOLTZ_INPUT (fgfr2_20lipids)
May-04 13:26:03.764 [Task monitor] DEBUG n.processor.TaskPollingMonitor - Task completed > TaskHandler[jobId: 33702592; id: 1; name: MAKE_BOLTZ_INPUT (fgfr2_20lipids); status: COMPLETED; exit: 0; error: -; workDir: /cephfs/volumes/hpc_data_usr/k25053715/3a800abf-2370-46d6-96d9-b8284b670110/MSc_research/nextflow/2_pipeline/013_nextflow_pipeline/work/21/1db00a594b2ca91b44dd50e8568335 started: 1777897563737; exited: 2026-05-04T12:26:02.679757107Z; ]
May-04 13:26:03.765 [Task monitor] DEBUG nextflow.util.ThreadPoolBuilder - Creating thread pool 'TaskFinalizer' minSize=10; maxSize=12; workQueue=LinkedBlockingQueue[-1]; allowCoreThreadTimeout=false
May-04 13:26:03.822 [TaskFinalizer-1] DEBUG nextflow.util.ThreadPoolBuilder - Creating thread pool 'PublishDir' minSize=10; maxSize=12; workQueue=LinkedBlockingQueue[-1]; allowCoreThreadTimeout=false
May-04 13:26:03.952 [Task submitter] DEBUG nextflow.executor.GridTaskHandler - [SLURM] submitted process RUN_BOLTZ2 (fgfr2_20lipids) > jobId: 33702598; workDir: /cephfs/volumes/hpc_data_usr/k25053715/3a800abf-2370-46d6-96d9-b8284b670110/MSc_research/nextflow/2_pipeline/013_nextflow_pipeline/work/79/10174d20c439f323f50237b3f329b8
May-04 13:26:03.953 [Task submitter] INFO  nextflow.Session - [79/10174d] Submitted process > RUN_BOLTZ2 (fgfr2_20lipids)
May-04 13:30:18.761 [Task monitor] DEBUG n.processor.TaskPollingMonitor - Task completed > TaskHandler[jobId: 33702598; id: 2; name: RUN_BOLTZ2 (fgfr2_20lipids); status: COMPLETED; exit: 0; error: -; workDir: /cephfs/volumes/hpc_data_usr/k25053715/3a800abf-2370-46d6-96d9-b8284b670110/MSc_research/nextflow/2_pipeline/013_nextflow_pipeline/work/79/10174d20c439f323f50237b3f329b8 started: 1777897593735; exited: 2026-05-04T12:30:15.708809292Z; ]
May-04 13:30:18.902 [Task submitter] DEBUG nextflow.executor.GridTaskHandler - [SLURM] submitted process RUNCHIMERAX (fgfr2_20lipids) > jobId: 33702636; workDir: /cephfs/volumes/hpc_data_usr/k25053715/3a800abf-2370-46d6-96d9-b8284b670110/MSc_research/nextflow/2_pipeline/013_nextflow_pipeline/work/a4/e7092f99b872f9b1261ecb84052e62
May-04 13:30:18.902 [Task submitter] INFO  nextflow.Session - [a4/e7092f] Submitted process > RUNCHIMERAX (fgfr2_20lipids)
May-04 13:30:43.744 [Task monitor] DEBUG n.processor.TaskPollingMonitor - !! executor slurm > tasks to be completed: 1 -- submitted tasks are shown below
~> TaskHandler[jobId: 33702636; id: 3; name: RUNCHIMERAX (fgfr2_20lipids); status: RUNNING; exit: -; error: -; workDir: /cephfs/volumes/hpc_data_usr/k25053715/3a800abf-2370-46d6-96d9-b8284b670110/MSc_research/nextflow/2_pipeline/013_nextflow_pipeline/work/a4/e7092f99b872f9b1261ecb84052e62 started: 1777897838750; exited: -; ]
May-04 13:31:53.774 [Task monitor] DEBUG n.processor.TaskPollingMonitor - Task completed > TaskHandler[jobId: 33702636; id: 3; name: RUNCHIMERAX (fgfr2_20lipids); status: COMPLETED; exit: 0; error: -; workDir: /cephfs/volumes/hpc_data_usr/k25053715/3a800abf-2370-46d6-96d9-b8284b670110/MSc_research/nextflow/2_pipeline/013_nextflow_pipeline/work/a4/e7092f99b872f9b1261ecb84052e62 started: 1777897838750; exited: 2026-05-04T12:31:49.432942157Z; ]
May-04 13:31:53.887 [Task submitter] DEBUG nextflow.executor.GridTaskHandler - [SLURM] submitted process STRAIGHTEN_LINKERS (fgfr2_20lipids) > jobId: 33702646; workDir: /cephfs/volumes/hpc_data_usr/k25053715/3a800abf-2370-46d6-96d9-b8284b670110/MSc_research/nextflow/2_pipeline/013_nextflow_pipeline/work/75/19a05556661024b92cebdc3c6e6d3e
May-04 13:31:53.888 [Task submitter] INFO  nextflow.Session - [75/19a055] Submitted process > STRAIGHTEN_LINKERS (fgfr2_20lipids)
May-04 13:32:28.830 [Task monitor] DEBUG n.processor.TaskPollingMonitor - Task completed > TaskHandler[jobId: 33702646; id: 4; name: STRAIGHTEN_LINKERS (fgfr2_20lipids); status: COMPLETED; exit: 0; error: -; workDir: /cephfs/volumes/hpc_data_usr/k25053715/3a800abf-2370-46d6-96d9-b8284b670110/MSc_research/nextflow/2_pipeline/013_nextflow_pipeline/work/75/19a05556661024b92cebdc3c6e6d3e started: 1777897933757; exited: 2026-05-04T12:32:23.991827826Z; ]
May-04 13:32:28.945 [Task submitter] DEBUG nextflow.executor.GridTaskHandler - [SLURM] submitted process OPENMM_MINIMIZE (fgfr2_20lipids) > jobId: 33702648; workDir: /cephfs/volumes/hpc_data_usr/k25053715/3a800abf-2370-46d6-96d9-b8284b670110/MSc_research/nextflow/2_pipeline/013_nextflow_pipeline/work/60/844fb7cceab6af31bb16c04fb50706
May-04 13:32:28.946 [Task submitter] INFO  nextflow.Session - [60/844fb7] Submitted process > OPENMM_MINIMIZE (fgfr2_20lipids)
May-04 13:35:43.757 [Task monitor] DEBUG n.processor.TaskPollingMonitor - !! executor slurm > tasks to be completed: 1 -- submitted tasks are shown below
~> TaskHandler[jobId: 33702648; id: 5; name: OPENMM_MINIMIZE (fgfr2_20lipids); status: RUNNING; exit: -; error: -; workDir: /cephfs/volumes/hpc_data_usr/k25053715/3a800abf-2370-46d6-96d9-b8284b670110/MSc_research/nextflow/2_pipeline/013_nextflow_pipeline/work/60/844fb7cceab6af31bb16c04fb50706 started: 1777897963757; exited: -; ]
May-04 13:40:43.776 [Task monitor] DEBUG n.processor.TaskPollingMonitor - !! executor slurm > tasks to be completed: 1 -- submitted tasks are shown below
~> TaskHandler[jobId: 33702648; id: 5; name: OPENMM_MINIMIZE (fgfr2_20lipids); status: RUNNING; exit: -; error: -; workDir: /cephfs/volumes/hpc_data_usr/k25053715/3a800abf-2370-46d6-96d9-b8284b670110/MSc_research/nextflow/2_pipeline/013_nextflow_pipeline/work/60/844fb7cceab6af31bb16c04fb50706 started: 1777897963757; exited: -; ]
May-04 13:40:53.793 [Task monitor] DEBUG n.processor.TaskPollingMonitor - Task completed > TaskHandler[jobId: 33702648; id: 5; name: OPENMM_MINIMIZE (fgfr2_20lipids); status: COMPLETED; exit: 0; error: -; workDir: /cephfs/volumes/hpc_data_usr/k25053715/3a800abf-2370-46d6-96d9-b8284b670110/MSc_research/nextflow/2_pipeline/013_nextflow_pipeline/work/60/844fb7cceab6af31bb16c04fb50706 started: 1777897963757; exited: 2026-05-04T12:40:53.340314225Z; ]
May-04 13:40:53.810 [main] DEBUG nextflow.Session - Session await > all processes finished
May-04 13:40:58.781 [Task monitor] DEBUG n.processor.TaskPollingMonitor - <<< barrier arrives (monitor: slurm) - terminating tasks monitor poll loop
May-04 13:40:58.782 [main] DEBUG nextflow.Session - Session await > all barriers passed
May-04 13:40:58.786 [main] DEBUG nextflow.util.ThreadPoolManager - Thread pool 'TaskFinalizer' shutdown completed (hard=false)
May-04 13:40:58.787 [main] DEBUG nextflow.util.ThreadPoolManager - Thread pool 'PublishDir' shutdown completed (hard=false)
May-04 13:40:58.799 [main] DEBUG n.trace.WorkflowStatsObserver - Workflow completed > WorkflowStats[succeededCount=5; failedCount=0; ignoredCount=0; cachedCount=0; pendingCount=0; submittedCount=0; runningCount=0; retriesCount=0; abortedCount=0; succeedDuration=50m 40s; failedDuration=0ms; cachedDuration=0ms;loadCpus=0; loadMemory=0; peakRunning=1; peakCpus=4; peakMemory=32 GB; ]
May-04 13:40:58.862 [main] DEBUG nextflow.cache.CacheDB - Closing CacheDB done
May-04 13:40:58.907 [main] DEBUG nextflow.util.ThreadPoolManager - Thread pool 'FileTransfer' shutdown completed (hard=false)
May-04 13:40:58.907 [main] DEBUG nextflow.script.ScriptRunner - > Execution complete -- Goodbye
