=== Load modules ===
=== GPU check (run time) ===
Fri Mar 13 15:16:19 2026       
+---------------------------------------------------------------------------------------+
| NVIDIA-SMI 535.288.01             Driver Version: 535.288.01   CUDA Version: 12.2     |
|-----------------------------------------+----------------------+----------------------+
| GPU  Name                 Persistence-M | Bus-Id        Disp.A | Volatile Uncorr. ECC |
| Fan  Temp   Perf          Pwr:Usage/Cap |         Memory-Usage | GPU-Util  Compute M. |
|                                         |                      |               MIG M. |
|=========================================+======================+======================|
|   0  NVIDIA A100-SXM4-40GB          On  | 00000000:31:00.0 Off |                    0 |
| N/A   35C    P0              55W / 400W |      0MiB / 40960MiB |      0%      Default |
|                                         |                      |             Disabled |
+-----------------------------------------+----------------------+----------------------+
                                                                                         
+---------------------------------------------------------------------------------------+
| Processes:                                                                            |
|  GPU   GI   CI        PID   Type   Process name                            GPU Memory |
|        ID   ID                                                             Usage      |
|=======================================================================================|
|  No running processes found                                                           |
+---------------------------------------------------------------------------------------+
Torch: 2.10.0+cu128
CUDA: True
CUDA version: 12.8
Fixed YAML (B-U letters): /scratch/users/k25053715/MSc_research/1_boltz2_project/2_run/010_fgfr2_20lipids/fgfr2_20lipids.yaml
      smiles: "CCCCCCCCCCCCCCCC(=O)OCC(COP(=O)(O)OCC[N+](C)(C)C)OC(=O)CCCCCCCCCCCCCCC"
  - ligand:
      id: G
      smiles: "CCCCCCCCCCCCCCCC(=O)OCC(COP(=O)(O)OCC[N+](C)(C)C)OC(=O)CCCCCCCCCCCCCCC"
  - ligand:
      id: H
      smiles: "CCCCCCCCCCCCCCCC(=O)OCC(COP(=O)(O)OCC[N+](C)(C)C)OC(=O)CCCCCCCCCCCCCCC"
  - ligand:
      id: I
      smiles: "CCCCCCCCCCCCCCCC(=O)OCC(COP(=O)(O)OCC[N+](C)(C)C)OC(=O)CCCCCCCCCCCCCCC"
=== FGFR2 + Lipid analysis ===
MSA server enabled: https://api.colabfold.com
MSA server authentication: no credentials provided
Checking input data.
Processing 1 inputs with 1 threads.
Found explicit empty MSA for some proteins, will run these in single sequence mode. Keep in mind that the model predictions will be suboptimal without an MSA.
  0%|          | 0/1 [00:00<?, ?it/s]100%|██████████| 1/1 [00:01<00:00,  1.34s/it]100%|██████████| 1/1 [00:01<00:00,  1.34s/it]
Using bfloat16 Automatic Mixed Precision (AMP)
GPU available: True (cuda), used: True
TPU available: False, using: 0 TPU cores
HPU available: False, using: 0 HPUs
/cephfs/volumes/hpc_data_usr/k25053715/3a800abf-2370-46d6-96d9-b8284b670110/MSc_research/0_project_env/boltz2_venv/lib/python3.11/site-packages/pytorch_lightning/trainer/connectors/logger_connector/logger_connector.py:76: Starting from v1.9.0, `tensorboardX` has been removed as a dependency of the `pytorch_lightning` package, due to potential conflicts with other packages in the ML ecosystem. For this reason, `logger=True` will use `CSVLogger` as the default logger, unless the `tensorboard` or `tensorboardX` packages are found. Please `pip install lightning[extra]` or one of them to enable TensorBoard support by default
WARNING: RDKit ETKDGv3 failed to generate a conformer for molecule CCCCCCCCCCCCCCCC(=O)OCC(COP(=O)(O)OCC[N+](C)(C)C)OC(=O)CCCCCCCCCCCCCCC, so the program will start with random coordinates. Note that the performance of the model under this behaviour was not tested.
Running structure prediction for 1 input.
/cephfs/volumes/hpc_data_usr/k25053715/3a800abf-2370-46d6-96d9-b8284b670110/MSc_research/0_project_env/boltz2_venv/lib/python3.11/site-packages/pytorch_lightning/utilities/migration/utils.py:56: The loaded checkpoint was produced with Lightning v2.5.0.post0, which is newer than your current Lightning version: v2.5.0
You are using a CUDA device ('NVIDIA A100-SXM4-40GB') that has Tensor Cores. To properly utilize them, you should set `torch.set_float32_matmul_precision('medium' | 'high')` which will trade-off precision for performance. For more details, read https://pytorch.org/docs/stable/generated/torch.set_float32_matmul_precision.html#torch.set_float32_matmul_precision
LOCAL_RANK: 0 - CUDA_VISIBLE_DEVICES: [0]
SLURM auto-requeueing enabled. Setting signal handlers.
/cephfs/volumes/hpc_data_usr/k25053715/3a800abf-2370-46d6-96d9-b8284b670110/MSc_research/0_project_env/boltz2_venv/lib/python3.11/site-packages/pytorch_lightning/utilities/_pytree.py:21: `isinstance(treespec, LeafSpec)` is deprecated, use `isinstance(treespec, TreeSpec) and treespec.is_leaf()` instead.
/cephfs/volumes/hpc_data_usr/k25053715/3a800abf-2370-46d6-96d9-b8284b670110/MSc_research/0_project_env/boltz2_venv/lib/python3.11/site-packages/cuequivariance_ops_torch/triangle_attention.py:165: UserWarning: Non-SM100f kernel expects bias to be float32 so it's going to be cast to torch.float32. Check if you can change your code for maximum performance.
  warnings.warn(
Predicting: |          | 0/? [00:00<?, ?it/s]Predicting:   0%|          | 0/1 [00:00<?, ?it/s]Predicting DataLoader 0:   0%|          | 0/1 [00:00<?, ?it/s]Predicting DataLoader 0: 100%|██████████| 1/1 [03:23<00:00,  0.00it/s]Number of failed examples: 0
Predicting DataLoader 0: 100%|██████████| 1/1 [03:23<00:00,  0.00it/s]
DONE! Check /scratch/users/k25053715/MSc_research/1_boltz2_project/2_run/010_fgfr2_20lipids/predictions/*.cif
